<?xml version="1.0" encoding="UTF-8"?>
<!-- Generated by org.testng.reporters.JUnitReportReporter -->
<testsuite skipped="0" hostname="MIS" name="SeleniumAssignment.SeleniumAssignment.BookHoliday" tests="3" failures="0" timestamp="05 May 2017 15:32:40 GMT" time="13.240" errors="0">
  <testcase name="Login" time="6.691" classname="SeleniumAssignment.SeleniumAssignment.BookHoliday"/>
  <testcase name="Booking" time="5.197" classname="SeleniumAssignment.SeleniumAssignment.BookHoliday"/>
  <testcase name="payment" time="1.352" classname="SeleniumAssignment.SeleniumAssignment.BookHoliday"/>
</testsuite> <!-- SeleniumAssignment.SeleniumAssignment.BookHoliday -->
