<?xml version="1.0" encoding="UTF-8"?>
<!-- Generated by org.testng.reporters.JUnitReportReporter -->
<testsuite skipped="0" hostname="MIS" name="SeleniumAssignment.SeleniumAssignment.HRSite" tests="4" failures="0" timestamp="05 May 2017 11:11:43 GMT" time="17.088" errors="0">
  <testcase name="verifyHomePageTitle" time="16.051" classname="SeleniumAssignment.SeleniumAssignment.HRSite"/>
  <testcase name="verifyLogin" time="0.157" classname="SeleniumAssignment.SeleniumAssignment.HRSite"/>
  <testcase name="fileDisciplineReport" time="0.016" classname="SeleniumAssignment.SeleniumAssignment.HRSite"/>
  <testcase name="signOut" time="0.864" classname="SeleniumAssignment.SeleniumAssignment.HRSite"/>
</testsuite> <!-- SeleniumAssignment.SeleniumAssignment.HRSite -->
